<?xml version="1.0" encoding="UTF-8"?>
<coverage generated="1664811251930" clover="3.2.0">
  <project timestamp="1664811251930" name="All files">
    <metrics statements="3" coveredstatements="2" conditionals="0" coveredconditionals="0" methods="2" coveredmethods="0" elements="5" coveredelements="2" complexity="0" loc="3" ncloc="3" packages="1" files="1" classes="1"/>
    <file name="products.ts" path="/Users/jominhyeog/Desktop/tdd/tdd_back_node/src/controller/products.ts">
      <metrics statements="3" coveredstatements="2" conditionals="0" coveredconditionals="0" methods="2" coveredmethods="0"/>
      <line num="3" count="1" type="stmt"/>
      <line num="4" count="0" type="stmt"/>
      <line num="7" count="1" type="stmt"/>
    </file>
  </project>
</coverage>
