{"/Users/jominhyeog/Desktop/tdd/tdd_back_node/src/controller/products.ts": {"path":"/Users/jominhyeog/Desktop/tdd/tdd_back_node/src/controller/products.ts","statementMap":{"0":{"start":{"line":3,"column":21},"end":{"line":5,"column":1}},"1":{"start":{"line":4,"column":2},"end":{"line":4,"column":20}},"2":{"start":{"line":3,"column":13},"end":{"line":3,"column":21}},"3":{"start":{"line":7,"column":13},"end":{"line":9,"column":2}}},"fnMap":{"0":{"name":"(anonymous_0)","decl":{"start":{"line":3,"column":21},"end":{"line":3,"column":22}},"loc":{"start":{"line":3,"column":53},"end":{"line":5,"column":1}}},"1":{"name":"(anonymous_1)","decl":{"start":{"line":8,"column":2},"end":{"line":8,"column":15}},"loc":{"start":{"line":8,"column":15},"end":{"line":8,"column":20}}}},"branchMap":{},"s":{"0":1,"1":0,"2":1,"3":1},"f":{"0":0,"1":0},"b":{}}
}
