{"/Users/jominhyeog/Desktop/tdd/tdd_back_node/src/controller/products.ts": {"path":"/Users/jominhyeog/Desktop/tdd/tdd_back_node/src/controller/products.ts","statementMap":{"0":{"start":{"line":2,"column":0},"end":{"line":2,"column":42}},"1":{"start":{"line":4,"column":13},"end":{"line":20,"column":2}},"2":{"start":{"line":9,"column":6},"end":{"line":19,"column":null}},"3":{"start":{"line":10,"column":4},"end":{"line":18,"column":null}},"4":{"start":{"line":11,"column":29},"end":{"line":11,"column":59}},"5":{"start":{"line":12,"column":6},"end":{"line":12,"column":34}},"6":{"start":{"line":13,"column":6},"end":{"line":13,"column":43}},"7":{"start":{"line":15,"column":6},"end":{"line":17,"column":null}},"8":{"start":{"line":16,"column":8},"end":{"line":16,"column":20}}},"fnMap":{"0":{"name":"(anonymous_8)","decl":{"start":{"line":5,"column":17},"end":{"line":5,"column":null}},"loc":{"start":{"line":9,"column":6},"end":{"line":19,"column":null}}},"1":{"name":"(anonymous_9)","decl":{"start":{"line":9,"column":6},"end":{"line":9,"column":null}},"loc":{"start":{"line":9,"column":6},"end":{"line":19,"column":3}}}},"branchMap":{"0":{"loc":{"start":{"line":15,"column":6},"end":{"line":17,"column":null}},"type":"if","locations":[{"start":{"line":15,"column":6},"end":{"line":17,"column":null}}]}},"s":{"0":1,"1":1,"2":4,"3":4,"4":4,"5":3,"6":3,"7":1,"8":1},"f":{"0":4,"1":4},"b":{"0":[1]}}
,"/Users/jominhyeog/Desktop/tdd/tdd_back_node/src/models/Product.ts": {"path":"/Users/jominhyeog/Desktop/tdd/tdd_back_node/src/models/Product.ts","statementMap":{"0":{"start":{"line":1,"column":0},"end":{"line":1,"column":32}},"1":{"start":{"line":3,"column":22},"end":{"line":12,"column":2}},"2":{"start":{"line":14,"column":16},"end":{"line":14,"column":56}},"3":{"start":{"line":15,"column":0},"end":{"line":15,"column":23}}},"fnMap":{},"branchMap":{},"s":{"0":1,"1":1,"2":1,"3":1},"f":{},"b":{}}
}
